<?xml version="1.0" encoding="utf-8"?>
<TestRun id="91c34fcc-efac-4616-970c-0e99fb3989f7" name="@runnervmnay03 2026-03-02 13:42:56" xmlns="http://microsoft.com/schemas/VisualStudio/TeamTest/2010">
  <Times creation="2026-03-02T13:42:56.6326566+00:00" queuing="2026-03-02T13:42:56.6326567+00:00" start="2026-03-02T13:42:47.7454031+00:00" finish="2026-03-02T13:43:13.0888632+00:00" />
  <TestSettings name="default" id="86f3c352-4cde-41e1-b4d5-b3b2563f9142">
    <Deployment runDeploymentRoot="_runnervmnay03_2026-03-02_13_42_56" />
  </TestSettings>
  <Results>
    <UnitTestResult executionId="15f6a487-bb68-4721-914e-74a60aa1580f" testId="86a08e7f-e98c-b9f0-479a-2b9b970841f2" testName="UtilityAi.Compass.Tests.EnterpriseCliCommandTests.PolicyValidate_Succeeds_ForRulesDocument" computerName="runnervmnay03" duration="00:00:07.3695930" startTime="2026-03-02T13:42:49.1991948+00:00" endTime="2026-03-02T13:42:56.5958411+00:00" testType="13cdc9d9-ddb5-4fa4-a97d-d965ccfc6d4b" outcome="Failed" testListId="8c84fa94-04c1-424b-9868-57a2d4851a1d" relativeResultsDirectory="15f6a487-bb68-4721-914e-74a60aa1580f">
      <Output>
        <ErrorInfo>
          <Message>Assert.Equal() Failure: Values differ
Expected: 0
Actual:   1</Message>
          <StackTrace>   at UtilityAi.Compass.Tests.EnterpriseCliCommandTests.PolicyValidate_Succeeds_ForRulesDocument() in /home/runner/work/Compass/Compass/tests/UtilityAi.Compass.Tests/EnterpriseCliCommandTests.cs:line 26
--- End of stack trace from previous location ---</StackTrace>
        </ErrorInfo>
      </Output>
    </UnitTestResult>
    <UnitTestResult executionId="69075fcb-772b-45a1-8652-fa2a6a60d74f" testId="4b22d534-1feb-7fcf-4624-de6f34b96654" testName="UtilityAi.Compass.Tests.EnterpriseCliCommandTests.InspectModule_Json_ReportsManifestAndCapabilities" computerName="runnervmnay03" duration="00:00:04.8507801" startTime="2026-03-02T13:43:08.1496639+00:00" endTime="2026-03-02T13:43:13.0002673+00:00" testType="13cdc9d9-ddb5-4fa4-a97d-d965ccfc6d4b" outcome="Failed" testListId="8c84fa94-04c1-424b-9868-57a2d4851a1d" relativeResultsDirectory="69075fcb-772b-45a1-8652-fa2a6a60d74f">
      <Output>
        <ErrorInfo>
          <Message>Assert.Equal() Failure: Values differ
Expected: 0
Actual:   1</Message>
          <StackTrace>   at UtilityAi.Compass.Tests.EnterpriseCliCommandTests.InspectModule_Json_ReportsManifestAndCapabilities() in /home/runner/work/Compass/Compass/tests/UtilityAi.Compass.Tests/EnterpriseCliCommandTests.cs:line 68
--- End of stack trace from previous location ---</StackTrace>
        </ErrorInfo>
      </Output>
    </UnitTestResult>
    <UnitTestResult executionId="07659538-41fd-41fc-9f1c-3c1d364e6807" testId="8c6ab856-0faf-7ab5-bf01-37f1e553dd4d" testName="UtilityAi.Compass.Tests.EnterpriseCliCommandTests.InstallModule_BlocksUnsignedByDefault" computerName="runnervmnay03" duration="00:00:06.0207744" startTime="2026-03-02T13:43:02.1297463+00:00" endTime="2026-03-02T13:43:08.1485117+00:00" testType="13cdc9d9-ddb5-4fa4-a97d-d965ccfc6d4b" outcome="Failed" testListId="8c84fa94-04c1-424b-9868-57a2d4851a1d" relativeResultsDirectory="07659538-41fd-41fc-9f1c-3c1d364e6807">
      <Output>
        <ErrorInfo>
          <Message>Assert.Contains() Failure: Sub-string not found
String:    ""
Not found: "is unsigned. Re-run with --allow-unsigned"···</Message>
          <StackTrace>   at UtilityAi.Compass.Tests.EnterpriseCliCommandTests.InstallModule_BlocksUnsignedByDefault() in /home/runner/work/Compass/Compass/tests/UtilityAi.Compass.Tests/EnterpriseCliCommandTests.cs:line 102
--- End of stack trace from previous location ---</StackTrace>
        </ErrorInfo>
      </Output>
    </UnitTestResult>
    <UnitTestResult executionId="4ee9d273-54b6-4cea-9311-8b209da2a5aa" testId="eca3e7c5-04e6-a37d-fee4-dded270cda94" testName="UtilityAi.Compass.Tests.EnterpriseCliCommandTests.Doctor_Json_ContainsStatusAndFindings" computerName="runnervmnay03" duration="00:00:05.5288216" startTime="2026-03-02T13:42:56.6204745+00:00" endTime="2026-03-02T13:43:02.1270415+00:00" testType="13cdc9d9-ddb5-4fa4-a97d-d965ccfc6d4b" outcome="Failed" testListId="8c84fa94-04c1-424b-9868-57a2d4851a1d" relativeResultsDirectory="4ee9d273-54b6-4cea-9311-8b209da2a5aa">
      <Output>
        <ErrorInfo>
          <Message>Assert.Equal() Failure: Values differ
Expected: 0
Actual:   1</Message>
          <StackTrace>   at UtilityAi.Compass.Tests.EnterpriseCliCommandTests.Doctor_Json_ContainsStatusAndFindings() in /home/runner/work/Compass/Compass/tests/UtilityAi.Compass.Tests/EnterpriseCliCommandTests.cs:line 42
--- End of stack trace from previous location ---</StackTrace>
        </ErrorInfo>
      </Output>
    </UnitTestResult>
  </Results>
  <TestDefinitions>
    <UnitTest name="UtilityAi.Compass.Tests.EnterpriseCliCommandTests.Doctor_Json_ContainsStatusAndFindings" storage="/home/runner/work/compass/compass/tests/utilityai.compass.tests/bin/debug/net10.0/utilityai.compass.tests.dll" id="eca3e7c5-04e6-a37d-fee4-dded270cda94">
      <Execution id="4ee9d273-54b6-4cea-9311-8b209da2a5aa" />
      <TestMethod codeBase="/home/runner/work/Compass/Compass/tests/UtilityAi.Compass.Tests/bin/Debug/net10.0/UtilityAi.Compass.Tests.dll" adapterTypeName="executor://xunit/VsTestRunner3/netcore/" className="UtilityAi.Compass.Tests.EnterpriseCliCommandTests" name="Doctor_Json_ContainsStatusAndFindings" />
    </UnitTest>
    <UnitTest name="UtilityAi.Compass.Tests.EnterpriseCliCommandTests.InspectModule_Json_ReportsManifestAndCapabilities" storage="/home/runner/work/compass/compass/tests/utilityai.compass.tests/bin/debug/net10.0/utilityai.compass.tests.dll" id="4b22d534-1feb-7fcf-4624-de6f34b96654">
      <Execution id="69075fcb-772b-45a1-8652-fa2a6a60d74f" />
      <TestMethod codeBase="/home/runner/work/Compass/Compass/tests/UtilityAi.Compass.Tests/bin/Debug/net10.0/UtilityAi.Compass.Tests.dll" adapterTypeName="executor://xunit/VsTestRunner3/netcore/" className="UtilityAi.Compass.Tests.EnterpriseCliCommandTests" name="InspectModule_Json_ReportsManifestAndCapabilities" />
    </UnitTest>
    <UnitTest name="UtilityAi.Compass.Tests.EnterpriseCliCommandTests.PolicyValidate_Succeeds_ForRulesDocument" storage="/home/runner/work/compass/compass/tests/utilityai.compass.tests/bin/debug/net10.0/utilityai.compass.tests.dll" id="86a08e7f-e98c-b9f0-479a-2b9b970841f2">
      <Execution id="15f6a487-bb68-4721-914e-74a60aa1580f" />
      <TestMethod codeBase="/home/runner/work/Compass/Compass/tests/UtilityAi.Compass.Tests/bin/Debug/net10.0/UtilityAi.Compass.Tests.dll" adapterTypeName="executor://xunit/VsTestRunner3/netcore/" className="UtilityAi.Compass.Tests.EnterpriseCliCommandTests" name="PolicyValidate_Succeeds_ForRulesDocument" />
    </UnitTest>
    <UnitTest name="UtilityAi.Compass.Tests.EnterpriseCliCommandTests.InstallModule_BlocksUnsignedByDefault" storage="/home/runner/work/compass/compass/tests/utilityai.compass.tests/bin/debug/net10.0/utilityai.compass.tests.dll" id="8c6ab856-0faf-7ab5-bf01-37f1e553dd4d">
      <Execution id="07659538-41fd-41fc-9f1c-3c1d364e6807" />
      <TestMethod codeBase="/home/runner/work/Compass/Compass/tests/UtilityAi.Compass.Tests/bin/Debug/net10.0/UtilityAi.Compass.Tests.dll" adapterTypeName="executor://xunit/VsTestRunner3/netcore/" className="UtilityAi.Compass.Tests.EnterpriseCliCommandTests" name="InstallModule_BlocksUnsignedByDefault" />
    </UnitTest>
  </TestDefinitions>
  <TestEntries>
    <TestEntry testId="86a08e7f-e98c-b9f0-479a-2b9b970841f2" executionId="15f6a487-bb68-4721-914e-74a60aa1580f" testListId="8c84fa94-04c1-424b-9868-57a2d4851a1d" />
    <TestEntry testId="4b22d534-1feb-7fcf-4624-de6f34b96654" executionId="69075fcb-772b-45a1-8652-fa2a6a60d74f" testListId="8c84fa94-04c1-424b-9868-57a2d4851a1d" />
    <TestEntry testId="8c6ab856-0faf-7ab5-bf01-37f1e553dd4d" executionId="07659538-41fd-41fc-9f1c-3c1d364e6807" testListId="8c84fa94-04c1-424b-9868-57a2d4851a1d" />
    <TestEntry testId="eca3e7c5-04e6-a37d-fee4-dded270cda94" executionId="4ee9d273-54b6-4cea-9311-8b209da2a5aa" testListId="8c84fa94-04c1-424b-9868-57a2d4851a1d" />
  </TestEntries>
  <TestLists>
    <TestList name="Results Not in a List" id="8c84fa94-04c1-424b-9868-57a2d4851a1d" />
    <TestList name="All Loaded Results" id="19431567-8539-422a-85d7-44ee4e166bda" />
  </TestLists>
  <ResultSummary outcome="Failed">
    <Counters total="4" executed="4" passed="0" failed="4" error="0" timeout="0" aborted="0" inconclusive="0" passedButRunAborted="0" notRunnable="0" notExecuted="0" disconnected="0" warning="0" completed="0" inProgress="0" pending="0" />
    <Output>
      <StdOut>[xUnit.net 00:00:00.01] xUnit.net VSTest Adapter v3.1.4+50e68bbb8b (64-bit .NET 10.0.2)
[xUnit.net 00:00:00.16]   Discovering: UtilityAi.Compass.Tests
[xUnit.net 00:00:00.41]   Discovered:  UtilityAi.Compass.Tests
[xUnit.net 00:00:00.48]   Starting:    UtilityAi.Compass.Tests
[xUnit.net 00:00:07.95]       Assert.Equal() Failure: Values differ
[xUnit.net 00:00:07.95]       Expected: 0
[xUnit.net 00:00:07.95]       Actual:   1
[xUnit.net 00:00:07.95]       Stack Trace:
[xUnit.net 00:00:07.95]         /home/runner/work/Compass/Compass/tests/UtilityAi.Compass.Tests/EnterpriseCliCommandTests.cs(26,0): at UtilityAi.Compass.Tests.EnterpriseCliCommandTests.PolicyValidate_Succeeds_ForRulesDocument()
[xUnit.net 00:00:07.95]         --- End of stack trace from previous location ---
[xUnit.net 00:00:13.48]       Assert.Equal() Failure: Values differ
[xUnit.net 00:00:13.48]       Expected: 0
[xUnit.net 00:00:13.48]       Actual:   1
[xUnit.net 00:00:13.48]       Stack Trace:
[xUnit.net 00:00:13.48]         /home/runner/work/Compass/Compass/tests/UtilityAi.Compass.Tests/EnterpriseCliCommandTests.cs(42,0): at UtilityAi.Compass.Tests.EnterpriseCliCommandTests.Doctor_Json_ContainsStatusAndFindings()
[xUnit.net 00:00:13.48]         --- End of stack trace from previous location ---
[xUnit.net 00:00:19.50]       Assert.Contains() Failure: Sub-string not found
[xUnit.net 00:00:19.50]       String:    ""
[xUnit.net 00:00:19.50]       Not found: "is unsigned. Re-run with --allow-unsigned"···
[xUnit.net 00:00:19.50]       Stack Trace:
[xUnit.net 00:00:19.50]         /home/runner/work/Compass/Compass/tests/UtilityAi.Compass.Tests/EnterpriseCliCommandTests.cs(102,0): at UtilityAi.Compass.Tests.EnterpriseCliCommandTests.InstallModule_BlocksUnsignedByDefault()
[xUnit.net 00:00:19.50]         --- End of stack trace from previous location ---
[xUnit.net 00:00:24.35]       Assert.Equal() Failure: Values differ
[xUnit.net 00:00:24.35]       Expected: 0
[xUnit.net 00:00:24.35]       Actual:   1
[xUnit.net 00:00:24.35]       Stack Trace:
[xUnit.net 00:00:24.35]         /home/runner/work/Compass/Compass/tests/UtilityAi.Compass.Tests/EnterpriseCliCommandTests.cs(68,0): at UtilityAi.Compass.Tests.EnterpriseCliCommandTests.InspectModule_Json_ReportsManifestAndCapabilities()
[xUnit.net 00:00:24.35]         --- End of stack trace from previous location ---
[xUnit.net 00:00:24.36]   Finished:    UtilityAi.Compass.Tests
</StdOut>
    </Output>
    <RunInfos>
      <RunInfo computerName="runnervmnay03" outcome="Error" timestamp="2026-03-02T13:42:56.5986715+00:00">
        <Text>[xUnit.net 00:00:07.95]     UtilityAi.Compass.Tests.EnterpriseCliCommandTests.PolicyValidate_Succeeds_ForRulesDocument [FAIL]</Text>
      </RunInfo>
      <RunInfo computerName="runnervmnay03" outcome="Error" timestamp="2026-03-02T13:43:02.1283719+00:00">
        <Text>[xUnit.net 00:00:13.48]     UtilityAi.Compass.Tests.EnterpriseCliCommandTests.Doctor_Json_ContainsStatusAndFindings [FAIL]</Text>
      </RunInfo>
      <RunInfo computerName="runnervmnay03" outcome="Error" timestamp="2026-03-02T13:43:08.1498087+00:00">
        <Text>[xUnit.net 00:00:19.50]     UtilityAi.Compass.Tests.EnterpriseCliCommandTests.InstallModule_BlocksUnsignedByDefault [FAIL]</Text>
      </RunInfo>
      <RunInfo computerName="runnervmnay03" outcome="Error" timestamp="2026-03-02T13:43:13.0008639+00:00">
        <Text>[xUnit.net 00:00:24.35]     UtilityAi.Compass.Tests.EnterpriseCliCommandTests.InspectModule_Json_ReportsManifestAndCapabilities [FAIL]</Text>
      </RunInfo>
    </RunInfos>
  </ResultSummary>
</TestRun>