<?xml version="1.0" encoding="utf-8"?>
<TestRun id="77b1e47f-af2d-46e5-8482-0b7828464e30" name="@runnervmnay03 2026-03-02 13:42:36" xmlns="http://microsoft.com/schemas/VisualStudio/TeamTest/2010">
  <Times creation="2026-03-02T13:42:36.1865686+00:00" queuing="2026-03-02T13:42:36.1865687+00:00" start="2026-03-02T13:42:34.8429849+00:00" finish="2026-03-02T13:42:36.1893665+00:00" />
  <TestSettings name="default" id="37f16d30-81f6-48d9-98d4-8f10dc411211">
    <Deployment runDeploymentRoot="_runnervmnay03_2026-03-02_13_42_36" />
  </TestSettings>
  <TestLists>
    <TestList name="Results Not in a List" id="8c84fa94-04c1-424b-9868-57a2d4851a1d" />
    <TestList name="All Loaded Results" id="19431567-8539-422a-85d7-44ee4e166bda" />
  </TestLists>
  <ResultSummary outcome="Completed">
    <Counters total="0" executed="0" passed="0" failed="0" error="0" timeout="0" aborted="0" inconclusive="0" passedButRunAborted="0" notRunnable="0" notExecuted="0" disconnected="0" warning="0" completed="0" inProgress="0" pending="0" />
    <Output>
      <StdOut>[xUnit.net 00:00:00.00] xUnit.net VSTest Adapter v3.1.4+50e68bbb8b (64-bit .NET 10.0.2)
[xUnit.net 00:00:00.23]   Discovering: UtilityAi.Compass.Tests
[xUnit.net 00:00:00.43]   Discovered:  UtilityAi.Compass.Tests
</StdOut>
    </Output>
    <RunInfos>
      <RunInfo computerName="runnervmnay03" outcome="Warning" timestamp="2026-03-02T13:42:36.0107949+00:00">
        <Text>No test matches the given testcase filter `Name=Doctor_Json_ContainsStatusAndFindings` in /home/runner/work/Compass/Compass/tests/UtilityAi.Compass.Tests/bin/Debug/net10.0/UtilityAi.Compass.Tests.dll</Text>
      </RunInfo>
    </RunInfos>
  </ResultSummary>
</TestRun>